#! /usr/bin/vvp
:ivl_version "11.0 (stable)";
:ivl_delay_selection "TYPICAL";
:vpi_time_precision + 0;
:vpi_module "/usr/lib/x86_64-linux-gnu/ivl/system.vpi";
:vpi_module "/usr/lib/x86_64-linux-gnu/ivl/vhdl_sys.vpi";
:vpi_module "/usr/lib/x86_64-linux-gnu/ivl/vhdl_textio.vpi";
:vpi_module "/usr/lib/x86_64-linux-gnu/ivl/v2005_math.vpi";
:vpi_module "/usr/lib/x86_64-linux-gnu/ivl/va_math.vpi";
S_0x55c8d11a7b10 .scope module, "generator_tb" "generator_tb" 2 1;
 .timescale 0 0;
v0x55c8d11c00f0_0 .var "_clock", 0 0;
v0x55c8d11c01b0_0 .net "_done", 0 0, v0x55c8d11bf6b0_0;  1 drivers
v0x55c8d11c0250_0 .net/s "_out0", 31 0, v0x55c8d11bf770_0;  1 drivers
v0x55c8d11c0350_0 .net/s "_out1", 31 0, v0x55c8d11bf850_0;  1 drivers
v0x55c8d11c0420_0 .net/s "_out2", 31 0, v0x55c8d11bf930_0;  1 drivers
v0x55c8d11c04c0_0 .net/s "_out3", 31 0, v0x55c8d11bfa10_0;  1 drivers
v0x55c8d11c0590_0 .var "_start", 0 0;
v0x55c8d11c0660_0 .var/s "a", 31 0;
v0x55c8d11c0730_0 .var/s "b", 31 0;
v0x55c8d11c0890_0 .var/s "c", 31 0;
v0x55c8d11c0960_0 .var/s "d", 31 0;
S_0x55c8d11a7ca0 .scope module, "dut" "delete_me" 2 19, 3 1 0, S_0x55c8d11a7b10;
 .timescale 0 0;
    .port_info 0 /INPUT 1 "_clock";
    .port_info 1 /INPUT 1 "_start";
    .port_info 2 /INPUT 32 "a";
    .port_info 3 /INPUT 32 "b";
    .port_info 4 /INPUT 32 "c";
    .port_info 5 /INPUT 32 "d";
    .port_info 6 /OUTPUT 32 "_out0";
    .port_info 7 /OUTPUT 32 "_out1";
    .port_info 8 /OUTPUT 32 "_out2";
    .port_info 9 /OUTPUT 32 "_out3";
    .port_info 10 /OUTPUT 1 "_done";
v0x55c8d117a7e0_0 .var/s "_STATE", 31 0;
v0x55c8d117abd0_0 .var/s "_STATE_0", 31 0;
v0x55c8d11bf400_0 .var/s "_STATE_1", 31 0;
v0x55c8d11bf4c0_0 .var/s "_STATE_2", 31 0;
v0x55c8d11bf5a0_0 .net "_clock", 0 0, v0x55c8d11c00f0_0;  1 drivers
v0x55c8d11bf6b0_0 .var "_done", 0 0;
v0x55c8d11bf770_0 .var/s "_out0", 31 0;
v0x55c8d11bf850_0 .var/s "_out1", 31 0;
v0x55c8d11bf930_0 .var/s "_out2", 31 0;
v0x55c8d11bfa10_0 .var/s "_out3", 31 0;
v0x55c8d11bfaf0_0 .net "_start", 0 0, v0x55c8d11c0590_0;  1 drivers
v0x55c8d11bfbb0_0 .net/s "a", 31 0, v0x55c8d11c0660_0;  1 drivers
v0x55c8d11bfc90_0 .net/s "b", 31 0, v0x55c8d11c0730_0;  1 drivers
v0x55c8d11bfd70_0 .net/s "c", 31 0, v0x55c8d11c0890_0;  1 drivers
v0x55c8d11bfe50_0 .net/s "d", 31 0, v0x55c8d11c0960_0;  1 drivers
E_0x55c8d11a1e60 .event posedge, v0x55c8d11bf5a0_0;
    .scope S_0x55c8d11a7ca0;
T_0 ;
    %wait E_0x55c8d11a1e60;
    %load/vec4 v0x55c8d11bfaf0_0;
    %flag_set/vec4 8;
    %jmp/0xz  T_0.0, 8;
    %pushi/vec4 0, 0, 1;
    %assign/vec4 v0x55c8d11bf6b0_0, 0;
    %pushi/vec4 0, 0, 32;
    %assign/vec4 v0x55c8d117a7e0_0, 0;
    %pushi/vec4 0, 0, 32;
    %assign/vec4 v0x55c8d117abd0_0, 0;
    %pushi/vec4 1, 0, 32;
    %assign/vec4 v0x55c8d11bf400_0, 0;
    %pushi/vec4 2, 0, 32;
    %assign/vec4 v0x55c8d11bf4c0_0, 0;
    %jmp T_0.1;
T_0.0 ;
    %load/vec4 v0x55c8d117a7e0_0;
    %dup/vec4;
    %load/vec4 v0x55c8d117abd0_0;
    %cmp/u;
    %jmp/1 T_0.2, 6;
    %dup/vec4;
    %load/vec4 v0x55c8d11bf400_0;
    %cmp/u;
    %jmp/1 T_0.3, 6;
    %dup/vec4;
    %load/vec4 v0x55c8d11bf4c0_0;
    %cmp/u;
    %jmp/1 T_0.4, 6;
    %jmp T_0.5;
T_0.2 ;
    %load/vec4 v0x55c8d11bfbb0_0;
    %assign/vec4 v0x55c8d11bf770_0, 0;
    %load/vec4 v0x55c8d11bfc90_0;
    %assign/vec4 v0x55c8d11bf850_0, 0;
    %load/vec4 v0x55c8d117a7e0_0;
    %addi 1, 0, 32;
    %assign/vec4 v0x55c8d117a7e0_0, 0;
    %jmp T_0.5;
T_0.3 ;
    %load/vec4 v0x55c8d11bfd70_0;
    %assign/vec4 v0x55c8d11bf770_0, 0;
    %load/vec4 v0x55c8d11bfe50_0;
    %assign/vec4 v0x55c8d11bf850_0, 0;
    %load/vec4 v0x55c8d117a7e0_0;
    %addi 1, 0, 32;
    %assign/vec4 v0x55c8d117a7e0_0, 0;
    %jmp T_0.5;
T_0.4 ;
    %pushi/vec4 1, 0, 1;
    %store/vec4 v0x55c8d11bf6b0_0, 0, 1;
    %jmp T_0.5;
T_0.5 ;
    %pop/vec4 1;
T_0.1 ;
    %jmp T_0;
    .thread T_0;
    .scope S_0x55c8d11a7b10;
T_1 ;
    %delay 5, 0;
    %load/vec4 v0x55c8d11c00f0_0;
    %nor/r;
    %store/vec4 v0x55c8d11c00f0_0, 0, 1;
    %jmp T_1;
    .thread T_1;
    .scope S_0x55c8d11a7b10;
T_2 ;
    %pushi/vec4 0, 0, 1;
    %store/vec4 v0x55c8d11c0590_0, 0, 1;
    %pushi/vec4 1, 0, 32;
    %store/vec4 v0x55c8d11c0660_0, 0, 32;
    %pushi/vec4 2, 0, 32;
    %store/vec4 v0x55c8d11c0730_0, 0, 32;
    %pushi/vec4 3, 0, 32;
    %store/vec4 v0x55c8d11c0890_0, 0, 32;
    %pushi/vec4 4, 0, 32;
    %store/vec4 v0x55c8d11c0960_0, 0, 32;
    %pushi/vec4 0, 0, 1;
    %store/vec4 v0x55c8d11c00f0_0, 0, 1;
    %delay 10, 0;
    %wait E_0x55c8d11a1e60;
    %pushi/vec4 1, 0, 1;
    %store/vec4 v0x55c8d11c0590_0, 0, 1;
    %pushi/vec4 100, 0, 32;
T_2.0 %dup/vec4;
    %pushi/vec4 0, 0, 32;
    %cmp/s;
    %jmp/1xz T_2.1, 5;
    %jmp/1 T_2.1, 4;
    %pushi/vec4 1, 0, 32;
    %sub;
    %wait E_0x55c8d11a1e60;
    %pushi/vec4 0, 0, 1;
    %store/vec4 v0x55c8d11c0590_0, 0, 1;
    %vpi_call 2 60 "$display", "%0d, %0d, %0d, %0d", v0x55c8d11c0250_0, v0x55c8d11c0350_0, v0x55c8d11c0420_0, v0x55c8d11c04c0_0 {0 0 0};
    %jmp T_2.0;
T_2.1 ;
    %pop/vec4 1;
    %vpi_call 2 65 "$finish" {0 0 0};
    %end;
    .thread T_2;
# The file index is used to find the file name in the following table.
:file_names 4;
    "N/A";
    "<interactive>";
    "/home/kerrwang/repos/testing1/tests/parsers/data/generator/delete_me/testbench.sv";
    "/home/kerrwang/repos/testing1/tests/parsers/data/generator/delete_me/module.sv";
